{
  "stats": {
    "suites": 1,
    "tests": 3,
    "passes": 0,
    "pending": 0,
    "failures": 3,
    "start": "2017-07-20T19:12:10.488Z",
    "end": "2017-07-20T19:12:12.670Z",
    "duration": 2182,
    "testsRegistered": 3,
    "passPercent": 0,
    "pendingPercent": 0,
    "other": 0,
    "hasOther": false,
    "skipped": 0,
    "hasSkipped": false,
    "passPercentClass": "danger",
    "pendingPercentClass": "danger"
  },
  "suites": {
    "title": "",
    "suites": [
      {
        "title": "Iterar llamadas al BSS",
        "suites": [],
        "tests": [
          {
            "title": "Utilizing msisdn 59169365057",
            "fullTitle": "Iterar llamadas al BSS Utilizing msisdn 59169365057",
            "timedOut": false,
            "duration": 0,
            "state": "failed",
            "pass": false,
            "fail": true,
            "pending": false,
            "code": "process.bind(this)(test, done);",
            "err": {
              "message": "AssertionError: expected { Object (account) } to equal { Object (account) }",
              "estack": "AssertionError: expected { Object (account) } to equal { Object (account) }\n    at Request._callback (test/test-file.js:28:30)\n    at Request.self.callback (node_modules/request/request.js:188:22)\n    at Request.<anonymous> (node_modules/request/request.js:1171:10)\n    at IncomingMessage.<anonymous> (node_modules/request/request.js:1091:12)\n    at endReadableNT (_stream_readable.js:923:12)",
              "diff": " {\n   \"account\": {\n-     \"accountId\": \"69365057                    \"\n-     \"accountName\": \"IVR\"\n-     \"billingAddress\": {\n-       \"address\": \"LPZ - AGENCIA PRINCIPAL (CALLE LOAYZA)\"\n-       \"city\": 0\n-       \"department\": [null]\n-       \"zone\": [null]\n-     }\n-     \"billingInfo\": {\n-       \"billingCycle\": \"F\"\n-       \"codeBillingCycle\": \"F\"\n-     }\n-     \"clientCode\": 1501554\n-     \"contract\": 1132\n+     \"accountId\": \"77657144\"\n+     \"accountName\": \"unknown\"\n+     \"billingAddress\": {}\n+     \"billingInfo\": {}\n+     \"clientCode\": \"13873834\"\n+     \"contract\": \"77657144\"\n     \"contractType\": [null]\n-     \"creationDate\": \"2017-05-05T00:00:00.000-04:00\"\n+     \"creationDate\": \"\"\n     \"csn\": [null]\n-     \"cycle\": \"F\"\n     \"line\": {\n       \"imei\": [null]\n       \"imsi\": [null]\n-       \"msisdn\": \"69365057                    \"\n+       \"msisdn\": \"\"\n     }\n+     \"msisdn\": \"77657144\"\n     \"partNum\": [null]\n     \"plan\": {\n-       \"dataPlanOnly\": false\n-       \"planCode\": 189\n-       \"planDescription\": \"Plan 189 - LTE Prepago Handset          \"\n-       \"planName\": \"Plan 189 - LTE Prepago Handset          \"\n+       \"dataPlanOnly\": [null]\n+       \"planCode\": [null]\n+       \"planDescription\": [null]\n+       \"planName\": \"FN all day 10\"\n       \"planSource\": [null]\n-       \"planType\": \"PRE\"\n+       \"planType\": \"prepaid\"\n     }\n     \"portability\": [null]\n     \"scoring\": [null]\n-     \"startDate\": \"2017-05-05T00:00:00.000-04:00\"\n-     \"status\": \"AC\"\n+     \"startDate\": \"2015-10-02T21:47:09.000Z\"\n+     \"status\": \"active\"\n     \"telephonyType\": [null]\n   }\n }\n"
            },
            "isRoot": false,
            "uuid": "866b6934-c276-4e04-86e3-b9095b4a10b0",
            "parentUUID": "d96b4015-3a86-4e24-99e4-0b28d724df1c",
            "isHook": false,
            "skipped": false
          },
          {
            "title": "Utilizing msisdn 59175231456",
            "fullTitle": "Iterar llamadas al BSS Utilizing msisdn 59175231456",
            "timedOut": false,
            "duration": 0,
            "state": "failed",
            "pass": false,
            "fail": true,
            "pending": false,
            "code": "process.bind(this)(test, done);",
            "err": {
              "message": "AssertionError: expected { Object (account) } to equal { Object (account) }",
              "estack": "AssertionError: expected { Object (account) } to equal { Object (account) }\n    at Request._callback (test/test-file.js:28:30)\n    at Request.self.callback (node_modules/request/request.js:188:22)\n    at Request.<anonymous> (node_modules/request/request.js:1171:10)\n    at IncomingMessage.<anonymous> (node_modules/request/request.js:1091:12)\n    at endReadableNT (_stream_readable.js:923:12)",
              "diff": " {\n   \"account\": {\n-     \"accountId\": \"75231456                    \"\n-     \"accountName\": \"IVR\"\n-     \"billingAddress\": {\n-       \"address\": \"LPZ - AGENCIA PRINCIPAL (CALLE LOAYZA)\"\n-       \"city\": 0\n-       \"department\": [null]\n-       \"zone\": [null]\n-     }\n-     \"billingInfo\": {\n-       \"billingCycle\": \"F\"\n-       \"codeBillingCycle\": \"F\"\n-     }\n-     \"clientCode\": 1501554\n-     \"contract\": 1132\n+     \"accountId\": \"77657144\"\n+     \"accountName\": \"unknown\"\n+     \"billingAddress\": {}\n+     \"billingInfo\": {}\n+     \"clientCode\": \"13873834\"\n+     \"contract\": \"77657144\"\n     \"contractType\": [null]\n-     \"creationDate\": \"2017-02-06T00:00:00.000-04:00\"\n+     \"creationDate\": \"\"\n     \"csn\": [null]\n-     \"cycle\": \"F\"\n     \"line\": {\n       \"imei\": [null]\n       \"imsi\": [null]\n-       \"msisdn\": \"75231456                    \"\n+       \"msisdn\": \"\"\n     }\n+     \"msisdn\": \"77657144\"\n     \"partNum\": [null]\n     \"plan\": {\n-       \"dataPlanOnly\": false\n-       \"planCode\": 189\n-       \"planDescription\": \"Plan 189 - LTE Prepago Handset          \"\n-       \"planName\": \"Plan 189 - LTE Prepago Handset          \"\n+       \"dataPlanOnly\": [null]\n+       \"planCode\": [null]\n+       \"planDescription\": [null]\n+       \"planName\": \"FN all day 10\"\n       \"planSource\": [null]\n-       \"planType\": \"PRE\"\n+       \"planType\": \"prepaid\"\n     }\n     \"portability\": [null]\n     \"scoring\": [null]\n-     \"startDate\": \"2017-02-06T00:00:00.000-04:00\"\n-     \"status\": \"AC\"\n+     \"startDate\": \"2015-10-02T21:47:09.000Z\"\n+     \"status\": \"active\"\n     \"telephonyType\": [null]\n   }\n }\n"
            },
            "isRoot": false,
            "uuid": "f53b540b-9f6c-4b18-97d9-08f73b2e6d14",
            "parentUUID": "d96b4015-3a86-4e24-99e4-0b28d724df1c",
            "isHook": false,
            "skipped": false
          },
          {
            "title": "Utilizing msisdn 59175231015",
            "fullTitle": "Iterar llamadas al BSS Utilizing msisdn 59175231015",
            "timedOut": false,
            "duration": 0,
            "state": "failed",
            "pass": false,
            "fail": true,
            "pending": false,
            "code": "process.bind(this)(test, done);",
            "err": {
              "message": "AssertionError: expected { Object (account) } to equal { Object (account) }",
              "estack": "AssertionError: expected { Object (account) } to equal { Object (account) }\n    at Request._callback (test/test-file.js:28:30)\n    at Request.self.callback (node_modules/request/request.js:188:22)\n    at Request.<anonymous> (node_modules/request/request.js:1171:10)\n    at IncomingMessage.<anonymous> (node_modules/request/request.js:1091:12)\n    at endReadableNT (_stream_readable.js:923:12)",
              "diff": " {\n   \"account\": {\n-     \"accountId\": \"75231015                    \"\n-     \"accountName\": \"INTERNAL LOTHAR USAGE - DO NOT DELETE   \"\n-     \"billingAddress\": {\n-       \"address\": \"CALLE 14 DE CALACOTO ESQ SANCHEZ BUSTAMANTE EDIFICIO METROBOL 1 PISO            \"\n-       \"city\": 504\n-       \"department\": [null]\n-       \"zone\": [null]\n-     }\n-     \"billingInfo\": {\n-       \"billingCycle\": \"F    \"\n-       \"codeBillingCycle\": \"F    \"\n-     }\n-     \"clientCode\": 11189179\n-     \"contract\": 4310384\n+     \"accountId\": \"77657144\"\n+     \"accountName\": \"unknown\"\n+     \"billingAddress\": {}\n+     \"billingInfo\": {}\n+     \"clientCode\": \"13873834\"\n+     \"contract\": \"77657144\"\n     \"contractType\": [null]\n-     \"creationDate\": \"2008-06-14T00:00:00.000-04:00\"\n+     \"creationDate\": \"\"\n     \"csn\": [null]\n-     \"cycle\": \"F    \"\n     \"line\": {\n       \"imei\": [null]\n       \"imsi\": [null]\n-       \"msisdn\": \"75231015                    \"\n+       \"msisdn\": \"\"\n     }\n+     \"msisdn\": \"77657144\"\n     \"partNum\": [null]\n     \"plan\": {\n-       \"dataPlanOnly\": false\n-       \"planCode\": \"774L\"\n-       \"planDescription\": \"BOLSA TIGO BUSINESS LTE FF100           \"\n-       \"planName\": \"BOLSA TIGO BUSINESS LTE FF100           \"\n+       \"dataPlanOnly\": [null]\n+       \"planCode\": [null]\n+       \"planDescription\": [null]\n+       \"planName\": \"FN all day 10\"\n       \"planSource\": [null]\n-       \"planType\": \"HIB\"\n+       \"planType\": \"prepaid\"\n     }\n     \"portability\": [null]\n     \"scoring\": [null]\n-     \"startDate\": \"2008-06-14T00:00:00.000-04:00\"\n-     \"status\": \"AC\"\n+     \"startDate\": \"2015-10-02T21:47:09.000Z\"\n+     \"status\": \"active\"\n     \"telephonyType\": [null]\n   }\n }\n"
            },
            "isRoot": false,
            "uuid": "e487fd5e-ed25-4458-b2e3-98807c2bafa2",
            "parentUUID": "d96b4015-3a86-4e24-99e4-0b28d724df1c",
            "isHook": false,
            "skipped": false
          }
        ],
        "pending": [],
        "root": false,
        "_timeout": 2000,
        "file": "/test/test-file.js",
        "uuid": "d96b4015-3a86-4e24-99e4-0b28d724df1c",
        "beforeHooks": [],
        "afterHooks": [],
        "fullFile": "/home/kiquetal/Documents/codes/2017/test-chai/test/test-file.js",
        "passes": [],
        "failures": [
          {
            "title": "Utilizing msisdn 59169365057",
            "fullTitle": "Iterar llamadas al BSS Utilizing msisdn 59169365057",
            "timedOut": false,
            "duration": 0,
            "state": "failed",
            "pass": false,
            "fail": true,
            "pending": false,
            "code": "process.bind(this)(test, done);",
            "err": {
              "message": "AssertionError: expected { Object (account) } to equal { Object (account) }",
              "estack": "AssertionError: expected { Object (account) } to equal { Object (account) }\n    at Request._callback (test/test-file.js:28:30)\n    at Request.self.callback (node_modules/request/request.js:188:22)\n    at Request.<anonymous> (node_modules/request/request.js:1171:10)\n    at IncomingMessage.<anonymous> (node_modules/request/request.js:1091:12)\n    at endReadableNT (_stream_readable.js:923:12)",
              "diff": " {\n   \"account\": {\n-     \"accountId\": \"69365057                    \"\n-     \"accountName\": \"IVR\"\n-     \"billingAddress\": {\n-       \"address\": \"LPZ - AGENCIA PRINCIPAL (CALLE LOAYZA)\"\n-       \"city\": 0\n-       \"department\": [null]\n-       \"zone\": [null]\n-     }\n-     \"billingInfo\": {\n-       \"billingCycle\": \"F\"\n-       \"codeBillingCycle\": \"F\"\n-     }\n-     \"clientCode\": 1501554\n-     \"contract\": 1132\n+     \"accountId\": \"77657144\"\n+     \"accountName\": \"unknown\"\n+     \"billingAddress\": {}\n+     \"billingInfo\": {}\n+     \"clientCode\": \"13873834\"\n+     \"contract\": \"77657144\"\n     \"contractType\": [null]\n-     \"creationDate\": \"2017-05-05T00:00:00.000-04:00\"\n+     \"creationDate\": \"\"\n     \"csn\": [null]\n-     \"cycle\": \"F\"\n     \"line\": {\n       \"imei\": [null]\n       \"imsi\": [null]\n-       \"msisdn\": \"69365057                    \"\n+       \"msisdn\": \"\"\n     }\n+     \"msisdn\": \"77657144\"\n     \"partNum\": [null]\n     \"plan\": {\n-       \"dataPlanOnly\": false\n-       \"planCode\": 189\n-       \"planDescription\": \"Plan 189 - LTE Prepago Handset          \"\n-       \"planName\": \"Plan 189 - LTE Prepago Handset          \"\n+       \"dataPlanOnly\": [null]\n+       \"planCode\": [null]\n+       \"planDescription\": [null]\n+       \"planName\": \"FN all day 10\"\n       \"planSource\": [null]\n-       \"planType\": \"PRE\"\n+       \"planType\": \"prepaid\"\n     }\n     \"portability\": [null]\n     \"scoring\": [null]\n-     \"startDate\": \"2017-05-05T00:00:00.000-04:00\"\n-     \"status\": \"AC\"\n+     \"startDate\": \"2015-10-02T21:47:09.000Z\"\n+     \"status\": \"active\"\n     \"telephonyType\": [null]\n   }\n }\n"
            },
            "isRoot": false,
            "uuid": "866b6934-c276-4e04-86e3-b9095b4a10b0",
            "parentUUID": "d96b4015-3a86-4e24-99e4-0b28d724df1c",
            "isHook": false,
            "skipped": false
          },
          {
            "title": "Utilizing msisdn 59175231456",
            "fullTitle": "Iterar llamadas al BSS Utilizing msisdn 59175231456",
            "timedOut": false,
            "duration": 0,
            "state": "failed",
            "pass": false,
            "fail": true,
            "pending": false,
            "code": "process.bind(this)(test, done);",
            "err": {
              "message": "AssertionError: expected { Object (account) } to equal { Object (account) }",
              "estack": "AssertionError: expected { Object (account) } to equal { Object (account) }\n    at Request._callback (test/test-file.js:28:30)\n    at Request.self.callback (node_modules/request/request.js:188:22)\n    at Request.<anonymous> (node_modules/request/request.js:1171:10)\n    at IncomingMessage.<anonymous> (node_modules/request/request.js:1091:12)\n    at endReadableNT (_stream_readable.js:923:12)",
              "diff": " {\n   \"account\": {\n-     \"accountId\": \"75231456                    \"\n-     \"accountName\": \"IVR\"\n-     \"billingAddress\": {\n-       \"address\": \"LPZ - AGENCIA PRINCIPAL (CALLE LOAYZA)\"\n-       \"city\": 0\n-       \"department\": [null]\n-       \"zone\": [null]\n-     }\n-     \"billingInfo\": {\n-       \"billingCycle\": \"F\"\n-       \"codeBillingCycle\": \"F\"\n-     }\n-     \"clientCode\": 1501554\n-     \"contract\": 1132\n+     \"accountId\": \"77657144\"\n+     \"accountName\": \"unknown\"\n+     \"billingAddress\": {}\n+     \"billingInfo\": {}\n+     \"clientCode\": \"13873834\"\n+     \"contract\": \"77657144\"\n     \"contractType\": [null]\n-     \"creationDate\": \"2017-02-06T00:00:00.000-04:00\"\n+     \"creationDate\": \"\"\n     \"csn\": [null]\n-     \"cycle\": \"F\"\n     \"line\": {\n       \"imei\": [null]\n       \"imsi\": [null]\n-       \"msisdn\": \"75231456                    \"\n+       \"msisdn\": \"\"\n     }\n+     \"msisdn\": \"77657144\"\n     \"partNum\": [null]\n     \"plan\": {\n-       \"dataPlanOnly\": false\n-       \"planCode\": 189\n-       \"planDescription\": \"Plan 189 - LTE Prepago Handset          \"\n-       \"planName\": \"Plan 189 - LTE Prepago Handset          \"\n+       \"dataPlanOnly\": [null]\n+       \"planCode\": [null]\n+       \"planDescription\": [null]\n+       \"planName\": \"FN all day 10\"\n       \"planSource\": [null]\n-       \"planType\": \"PRE\"\n+       \"planType\": \"prepaid\"\n     }\n     \"portability\": [null]\n     \"scoring\": [null]\n-     \"startDate\": \"2017-02-06T00:00:00.000-04:00\"\n-     \"status\": \"AC\"\n+     \"startDate\": \"2015-10-02T21:47:09.000Z\"\n+     \"status\": \"active\"\n     \"telephonyType\": [null]\n   }\n }\n"
            },
            "isRoot": false,
            "uuid": "f53b540b-9f6c-4b18-97d9-08f73b2e6d14",
            "parentUUID": "d96b4015-3a86-4e24-99e4-0b28d724df1c",
            "isHook": false,
            "skipped": false
          },
          {
            "title": "Utilizing msisdn 59175231015",
            "fullTitle": "Iterar llamadas al BSS Utilizing msisdn 59175231015",
            "timedOut": false,
            "duration": 0,
            "state": "failed",
            "pass": false,
            "fail": true,
            "pending": false,
            "code": "process.bind(this)(test, done);",
            "err": {
              "message": "AssertionError: expected { Object (account) } to equal { Object (account) }",
              "estack": "AssertionError: expected { Object (account) } to equal { Object (account) }\n    at Request._callback (test/test-file.js:28:30)\n    at Request.self.callback (node_modules/request/request.js:188:22)\n    at Request.<anonymous> (node_modules/request/request.js:1171:10)\n    at IncomingMessage.<anonymous> (node_modules/request/request.js:1091:12)\n    at endReadableNT (_stream_readable.js:923:12)",
              "diff": " {\n   \"account\": {\n-     \"accountId\": \"75231015                    \"\n-     \"accountName\": \"INTERNAL LOTHAR USAGE - DO NOT DELETE   \"\n-     \"billingAddress\": {\n-       \"address\": \"CALLE 14 DE CALACOTO ESQ SANCHEZ BUSTAMANTE EDIFICIO METROBOL 1 PISO            \"\n-       \"city\": 504\n-       \"department\": [null]\n-       \"zone\": [null]\n-     }\n-     \"billingInfo\": {\n-       \"billingCycle\": \"F    \"\n-       \"codeBillingCycle\": \"F    \"\n-     }\n-     \"clientCode\": 11189179\n-     \"contract\": 4310384\n+     \"accountId\": \"77657144\"\n+     \"accountName\": \"unknown\"\n+     \"billingAddress\": {}\n+     \"billingInfo\": {}\n+     \"clientCode\": \"13873834\"\n+     \"contract\": \"77657144\"\n     \"contractType\": [null]\n-     \"creationDate\": \"2008-06-14T00:00:00.000-04:00\"\n+     \"creationDate\": \"\"\n     \"csn\": [null]\n-     \"cycle\": \"F    \"\n     \"line\": {\n       \"imei\": [null]\n       \"imsi\": [null]\n-       \"msisdn\": \"75231015                    \"\n+       \"msisdn\": \"\"\n     }\n+     \"msisdn\": \"77657144\"\n     \"partNum\": [null]\n     \"plan\": {\n-       \"dataPlanOnly\": false\n-       \"planCode\": \"774L\"\n-       \"planDescription\": \"BOLSA TIGO BUSINESS LTE FF100           \"\n-       \"planName\": \"BOLSA TIGO BUSINESS LTE FF100           \"\n+       \"dataPlanOnly\": [null]\n+       \"planCode\": [null]\n+       \"planDescription\": [null]\n+       \"planName\": \"FN all day 10\"\n       \"planSource\": [null]\n-       \"planType\": \"HIB\"\n+       \"planType\": \"prepaid\"\n     }\n     \"portability\": [null]\n     \"scoring\": [null]\n-     \"startDate\": \"2008-06-14T00:00:00.000-04:00\"\n-     \"status\": \"AC\"\n+     \"startDate\": \"2015-10-02T21:47:09.000Z\"\n+     \"status\": \"active\"\n     \"telephonyType\": [null]\n   }\n }\n"
            },
            "isRoot": false,
            "uuid": "e487fd5e-ed25-4458-b2e3-98807c2bafa2",
            "parentUUID": "d96b4015-3a86-4e24-99e4-0b28d724df1c",
            "isHook": false,
            "skipped": false
          }
        ],
        "skipped": [],
        "hasBeforeHooks": false,
        "hasAfterHooks": false,
        "hasTests": true,
        "hasSuites": false,
        "totalTests": 3,
        "totalPasses": 0,
        "totalFailures": 3,
        "totalPending": 0,
        "totalSkipped": 0,
        "hasPasses": false,
        "hasFailures": true,
        "hasPending": false,
        "hasSkipped": false,
        "duration": 0,
        "rootEmpty": false
      }
    ],
    "tests": [],
    "pending": [],
    "root": true,
    "_timeout": 2000,
    "uuid": "82f84381-3bc6-44d1-9b41-70fac8a63d43",
    "beforeHooks": [],
    "afterHooks": [],
    "fullFile": "",
    "file": "",
    "passes": [],
    "failures": [],
    "skipped": [],
    "hasBeforeHooks": false,
    "hasAfterHooks": false,
    "hasTests": false,
    "hasSuites": true,
    "totalTests": 0,
    "totalPasses": 0,
    "totalFailures": 0,
    "totalPending": 0,
    "totalSkipped": 0,
    "hasPasses": false,
    "hasFailures": false,
    "hasPending": false,
    "hasSkipped": false,
    "duration": 0,
    "rootEmpty": true
  },
  "allTests": [
    {
      "title": "Utilizing msisdn 59169365057",
      "fullTitle": "Iterar llamadas al BSS Utilizing msisdn 59169365057",
      "timedOut": false,
      "duration": 0,
      "state": "failed",
      "pass": false,
      "fail": true,
      "pending": false,
      "code": "process.bind(this)(test, done);",
      "err": {
        "message": "AssertionError: expected { Object (account) } to equal { Object (account) }",
        "estack": "AssertionError: expected { Object (account) } to equal { Object (account) }\n    at Request._callback (test/test-file.js:28:30)\n    at Request.self.callback (node_modules/request/request.js:188:22)\n    at Request.<anonymous> (node_modules/request/request.js:1171:10)\n    at IncomingMessage.<anonymous> (node_modules/request/request.js:1091:12)\n    at endReadableNT (_stream_readable.js:923:12)",
        "diff": " {\n   \"account\": {\n-     \"accountId\": \"69365057                    \"\n-     \"accountName\": \"IVR\"\n-     \"billingAddress\": {\n-       \"address\": \"LPZ - AGENCIA PRINCIPAL (CALLE LOAYZA)\"\n-       \"city\": 0\n-       \"department\": [null]\n-       \"zone\": [null]\n-     }\n-     \"billingInfo\": {\n-       \"billingCycle\": \"F\"\n-       \"codeBillingCycle\": \"F\"\n-     }\n-     \"clientCode\": 1501554\n-     \"contract\": 1132\n+     \"accountId\": \"77657144\"\n+     \"accountName\": \"unknown\"\n+     \"billingAddress\": {}\n+     \"billingInfo\": {}\n+     \"clientCode\": \"13873834\"\n+     \"contract\": \"77657144\"\n     \"contractType\": [null]\n-     \"creationDate\": \"2017-05-05T00:00:00.000-04:00\"\n+     \"creationDate\": \"\"\n     \"csn\": [null]\n-     \"cycle\": \"F\"\n     \"line\": {\n       \"imei\": [null]\n       \"imsi\": [null]\n-       \"msisdn\": \"69365057                    \"\n+       \"msisdn\": \"\"\n     }\n+     \"msisdn\": \"77657144\"\n     \"partNum\": [null]\n     \"plan\": {\n-       \"dataPlanOnly\": false\n-       \"planCode\": 189\n-       \"planDescription\": \"Plan 189 - LTE Prepago Handset          \"\n-       \"planName\": \"Plan 189 - LTE Prepago Handset          \"\n+       \"dataPlanOnly\": [null]\n+       \"planCode\": [null]\n+       \"planDescription\": [null]\n+       \"planName\": \"FN all day 10\"\n       \"planSource\": [null]\n-       \"planType\": \"PRE\"\n+       \"planType\": \"prepaid\"\n     }\n     \"portability\": [null]\n     \"scoring\": [null]\n-     \"startDate\": \"2017-05-05T00:00:00.000-04:00\"\n-     \"status\": \"AC\"\n+     \"startDate\": \"2015-10-02T21:47:09.000Z\"\n+     \"status\": \"active\"\n     \"telephonyType\": [null]\n   }\n }\n"
      },
      "isRoot": false,
      "uuid": "866b6934-c276-4e04-86e3-b9095b4a10b0",
      "parentUUID": "d96b4015-3a86-4e24-99e4-0b28d724df1c",
      "isHook": false,
      "skipped": false
    },
    {
      "title": "Utilizing msisdn 59175231456",
      "fullTitle": "Iterar llamadas al BSS Utilizing msisdn 59175231456",
      "timedOut": false,
      "duration": 0,
      "state": "failed",
      "pass": false,
      "fail": true,
      "pending": false,
      "code": "process.bind(this)(test, done);",
      "err": {
        "message": "AssertionError: expected { Object (account) } to equal { Object (account) }",
        "estack": "AssertionError: expected { Object (account) } to equal { Object (account) }\n    at Request._callback (test/test-file.js:28:30)\n    at Request.self.callback (node_modules/request/request.js:188:22)\n    at Request.<anonymous> (node_modules/request/request.js:1171:10)\n    at IncomingMessage.<anonymous> (node_modules/request/request.js:1091:12)\n    at endReadableNT (_stream_readable.js:923:12)",
        "diff": " {\n   \"account\": {\n-     \"accountId\": \"75231456                    \"\n-     \"accountName\": \"IVR\"\n-     \"billingAddress\": {\n-       \"address\": \"LPZ - AGENCIA PRINCIPAL (CALLE LOAYZA)\"\n-       \"city\": 0\n-       \"department\": [null]\n-       \"zone\": [null]\n-     }\n-     \"billingInfo\": {\n-       \"billingCycle\": \"F\"\n-       \"codeBillingCycle\": \"F\"\n-     }\n-     \"clientCode\": 1501554\n-     \"contract\": 1132\n+     \"accountId\": \"77657144\"\n+     \"accountName\": \"unknown\"\n+     \"billingAddress\": {}\n+     \"billingInfo\": {}\n+     \"clientCode\": \"13873834\"\n+     \"contract\": \"77657144\"\n     \"contractType\": [null]\n-     \"creationDate\": \"2017-02-06T00:00:00.000-04:00\"\n+     \"creationDate\": \"\"\n     \"csn\": [null]\n-     \"cycle\": \"F\"\n     \"line\": {\n       \"imei\": [null]\n       \"imsi\": [null]\n-       \"msisdn\": \"75231456                    \"\n+       \"msisdn\": \"\"\n     }\n+     \"msisdn\": \"77657144\"\n     \"partNum\": [null]\n     \"plan\": {\n-       \"dataPlanOnly\": false\n-       \"planCode\": 189\n-       \"planDescription\": \"Plan 189 - LTE Prepago Handset          \"\n-       \"planName\": \"Plan 189 - LTE Prepago Handset          \"\n+       \"dataPlanOnly\": [null]\n+       \"planCode\": [null]\n+       \"planDescription\": [null]\n+       \"planName\": \"FN all day 10\"\n       \"planSource\": [null]\n-       \"planType\": \"PRE\"\n+       \"planType\": \"prepaid\"\n     }\n     \"portability\": [null]\n     \"scoring\": [null]\n-     \"startDate\": \"2017-02-06T00:00:00.000-04:00\"\n-     \"status\": \"AC\"\n+     \"startDate\": \"2015-10-02T21:47:09.000Z\"\n+     \"status\": \"active\"\n     \"telephonyType\": [null]\n   }\n }\n"
      },
      "isRoot": false,
      "uuid": "f53b540b-9f6c-4b18-97d9-08f73b2e6d14",
      "parentUUID": "d96b4015-3a86-4e24-99e4-0b28d724df1c",
      "isHook": false,
      "skipped": false
    },
    {
      "title": "Utilizing msisdn 59175231015",
      "fullTitle": "Iterar llamadas al BSS Utilizing msisdn 59175231015",
      "timedOut": false,
      "duration": 0,
      "state": "failed",
      "pass": false,
      "fail": true,
      "pending": false,
      "code": "process.bind(this)(test, done);",
      "err": {
        "message": "AssertionError: expected { Object (account) } to equal { Object (account) }",
        "estack": "AssertionError: expected { Object (account) } to equal { Object (account) }\n    at Request._callback (test/test-file.js:28:30)\n    at Request.self.callback (node_modules/request/request.js:188:22)\n    at Request.<anonymous> (node_modules/request/request.js:1171:10)\n    at IncomingMessage.<anonymous> (node_modules/request/request.js:1091:12)\n    at endReadableNT (_stream_readable.js:923:12)",
        "diff": " {\n   \"account\": {\n-     \"accountId\": \"75231015                    \"\n-     \"accountName\": \"INTERNAL LOTHAR USAGE - DO NOT DELETE   \"\n-     \"billingAddress\": {\n-       \"address\": \"CALLE 14 DE CALACOTO ESQ SANCHEZ BUSTAMANTE EDIFICIO METROBOL 1 PISO            \"\n-       \"city\": 504\n-       \"department\": [null]\n-       \"zone\": [null]\n-     }\n-     \"billingInfo\": {\n-       \"billingCycle\": \"F    \"\n-       \"codeBillingCycle\": \"F    \"\n-     }\n-     \"clientCode\": 11189179\n-     \"contract\": 4310384\n+     \"accountId\": \"77657144\"\n+     \"accountName\": \"unknown\"\n+     \"billingAddress\": {}\n+     \"billingInfo\": {}\n+     \"clientCode\": \"13873834\"\n+     \"contract\": \"77657144\"\n     \"contractType\": [null]\n-     \"creationDate\": \"2008-06-14T00:00:00.000-04:00\"\n+     \"creationDate\": \"\"\n     \"csn\": [null]\n-     \"cycle\": \"F    \"\n     \"line\": {\n       \"imei\": [null]\n       \"imsi\": [null]\n-       \"msisdn\": \"75231015                    \"\n+       \"msisdn\": \"\"\n     }\n+     \"msisdn\": \"77657144\"\n     \"partNum\": [null]\n     \"plan\": {\n-       \"dataPlanOnly\": false\n-       \"planCode\": \"774L\"\n-       \"planDescription\": \"BOLSA TIGO BUSINESS LTE FF100           \"\n-       \"planName\": \"BOLSA TIGO BUSINESS LTE FF100           \"\n+       \"dataPlanOnly\": [null]\n+       \"planCode\": [null]\n+       \"planDescription\": [null]\n+       \"planName\": \"FN all day 10\"\n       \"planSource\": [null]\n-       \"planType\": \"HIB\"\n+       \"planType\": \"prepaid\"\n     }\n     \"portability\": [null]\n     \"scoring\": [null]\n-     \"startDate\": \"2008-06-14T00:00:00.000-04:00\"\n-     \"status\": \"AC\"\n+     \"startDate\": \"2015-10-02T21:47:09.000Z\"\n+     \"status\": \"active\"\n     \"telephonyType\": [null]\n   }\n }\n"
      },
      "isRoot": false,
      "uuid": "e487fd5e-ed25-4458-b2e3-98807c2bafa2",
      "parentUUID": "d96b4015-3a86-4e24-99e4-0b28d724df1c",
      "isHook": false,
      "skipped": false
    }
  ],
  "allPending": [],
  "allPasses": [],
  "allFailures": [
    {
      "title": "Utilizing msisdn 59169365057",
      "fullTitle": "Iterar llamadas al BSS Utilizing msisdn 59169365057",
      "timedOut": false,
      "duration": 0,
      "state": "failed",
      "pass": false,
      "fail": true,
      "pending": false,
      "code": "process.bind(this)(test, done);",
      "err": {
        "message": "AssertionError: expected { Object (account) } to equal { Object (account) }",
        "estack": "AssertionError: expected { Object (account) } to equal { Object (account) }\n    at Request._callback (test/test-file.js:28:30)\n    at Request.self.callback (node_modules/request/request.js:188:22)\n    at Request.<anonymous> (node_modules/request/request.js:1171:10)\n    at IncomingMessage.<anonymous> (node_modules/request/request.js:1091:12)\n    at endReadableNT (_stream_readable.js:923:12)",
        "diff": " {\n   \"account\": {\n-     \"accountId\": \"69365057                    \"\n-     \"accountName\": \"IVR\"\n-     \"billingAddress\": {\n-       \"address\": \"LPZ - AGENCIA PRINCIPAL (CALLE LOAYZA)\"\n-       \"city\": 0\n-       \"department\": [null]\n-       \"zone\": [null]\n-     }\n-     \"billingInfo\": {\n-       \"billingCycle\": \"F\"\n-       \"codeBillingCycle\": \"F\"\n-     }\n-     \"clientCode\": 1501554\n-     \"contract\": 1132\n+     \"accountId\": \"77657144\"\n+     \"accountName\": \"unknown\"\n+     \"billingAddress\": {}\n+     \"billingInfo\": {}\n+     \"clientCode\": \"13873834\"\n+     \"contract\": \"77657144\"\n     \"contractType\": [null]\n-     \"creationDate\": \"2017-05-05T00:00:00.000-04:00\"\n+     \"creationDate\": \"\"\n     \"csn\": [null]\n-     \"cycle\": \"F\"\n     \"line\": {\n       \"imei\": [null]\n       \"imsi\": [null]\n-       \"msisdn\": \"69365057                    \"\n+       \"msisdn\": \"\"\n     }\n+     \"msisdn\": \"77657144\"\n     \"partNum\": [null]\n     \"plan\": {\n-       \"dataPlanOnly\": false\n-       \"planCode\": 189\n-       \"planDescription\": \"Plan 189 - LTE Prepago Handset          \"\n-       \"planName\": \"Plan 189 - LTE Prepago Handset          \"\n+       \"dataPlanOnly\": [null]\n+       \"planCode\": [null]\n+       \"planDescription\": [null]\n+       \"planName\": \"FN all day 10\"\n       \"planSource\": [null]\n-       \"planType\": \"PRE\"\n+       \"planType\": \"prepaid\"\n     }\n     \"portability\": [null]\n     \"scoring\": [null]\n-     \"startDate\": \"2017-05-05T00:00:00.000-04:00\"\n-     \"status\": \"AC\"\n+     \"startDate\": \"2015-10-02T21:47:09.000Z\"\n+     \"status\": \"active\"\n     \"telephonyType\": [null]\n   }\n }\n"
      },
      "isRoot": false,
      "uuid": "866b6934-c276-4e04-86e3-b9095b4a10b0",
      "parentUUID": "d96b4015-3a86-4e24-99e4-0b28d724df1c",
      "isHook": false,
      "skipped": false
    },
    {
      "title": "Utilizing msisdn 59175231456",
      "fullTitle": "Iterar llamadas al BSS Utilizing msisdn 59175231456",
      "timedOut": false,
      "duration": 0,
      "state": "failed",
      "pass": false,
      "fail": true,
      "pending": false,
      "code": "process.bind(this)(test, done);",
      "err": {
        "message": "AssertionError: expected { Object (account) } to equal { Object (account) }",
        "estack": "AssertionError: expected { Object (account) } to equal { Object (account) }\n    at Request._callback (test/test-file.js:28:30)\n    at Request.self.callback (node_modules/request/request.js:188:22)\n    at Request.<anonymous> (node_modules/request/request.js:1171:10)\n    at IncomingMessage.<anonymous> (node_modules/request/request.js:1091:12)\n    at endReadableNT (_stream_readable.js:923:12)",
        "diff": " {\n   \"account\": {\n-     \"accountId\": \"75231456                    \"\n-     \"accountName\": \"IVR\"\n-     \"billingAddress\": {\n-       \"address\": \"LPZ - AGENCIA PRINCIPAL (CALLE LOAYZA)\"\n-       \"city\": 0\n-       \"department\": [null]\n-       \"zone\": [null]\n-     }\n-     \"billingInfo\": {\n-       \"billingCycle\": \"F\"\n-       \"codeBillingCycle\": \"F\"\n-     }\n-     \"clientCode\": 1501554\n-     \"contract\": 1132\n+     \"accountId\": \"77657144\"\n+     \"accountName\": \"unknown\"\n+     \"billingAddress\": {}\n+     \"billingInfo\": {}\n+     \"clientCode\": \"13873834\"\n+     \"contract\": \"77657144\"\n     \"contractType\": [null]\n-     \"creationDate\": \"2017-02-06T00:00:00.000-04:00\"\n+     \"creationDate\": \"\"\n     \"csn\": [null]\n-     \"cycle\": \"F\"\n     \"line\": {\n       \"imei\": [null]\n       \"imsi\": [null]\n-       \"msisdn\": \"75231456                    \"\n+       \"msisdn\": \"\"\n     }\n+     \"msisdn\": \"77657144\"\n     \"partNum\": [null]\n     \"plan\": {\n-       \"dataPlanOnly\": false\n-       \"planCode\": 189\n-       \"planDescription\": \"Plan 189 - LTE Prepago Handset          \"\n-       \"planName\": \"Plan 189 - LTE Prepago Handset          \"\n+       \"dataPlanOnly\": [null]\n+       \"planCode\": [null]\n+       \"planDescription\": [null]\n+       \"planName\": \"FN all day 10\"\n       \"planSource\": [null]\n-       \"planType\": \"PRE\"\n+       \"planType\": \"prepaid\"\n     }\n     \"portability\": [null]\n     \"scoring\": [null]\n-     \"startDate\": \"2017-02-06T00:00:00.000-04:00\"\n-     \"status\": \"AC\"\n+     \"startDate\": \"2015-10-02T21:47:09.000Z\"\n+     \"status\": \"active\"\n     \"telephonyType\": [null]\n   }\n }\n"
      },
      "isRoot": false,
      "uuid": "f53b540b-9f6c-4b18-97d9-08f73b2e6d14",
      "parentUUID": "d96b4015-3a86-4e24-99e4-0b28d724df1c",
      "isHook": false,
      "skipped": false
    },
    {
      "title": "Utilizing msisdn 59175231015",
      "fullTitle": "Iterar llamadas al BSS Utilizing msisdn 59175231015",
      "timedOut": false,
      "duration": 0,
      "state": "failed",
      "pass": false,
      "fail": true,
      "pending": false,
      "code": "process.bind(this)(test, done);",
      "err": {
        "message": "AssertionError: expected { Object (account) } to equal { Object (account) }",
        "estack": "AssertionError: expected { Object (account) } to equal { Object (account) }\n    at Request._callback (test/test-file.js:28:30)\n    at Request.self.callback (node_modules/request/request.js:188:22)\n    at Request.<anonymous> (node_modules/request/request.js:1171:10)\n    at IncomingMessage.<anonymous> (node_modules/request/request.js:1091:12)\n    at endReadableNT (_stream_readable.js:923:12)",
        "diff": " {\n   \"account\": {\n-     \"accountId\": \"75231015                    \"\n-     \"accountName\": \"INTERNAL LOTHAR USAGE - DO NOT DELETE   \"\n-     \"billingAddress\": {\n-       \"address\": \"CALLE 14 DE CALACOTO ESQ SANCHEZ BUSTAMANTE EDIFICIO METROBOL 1 PISO            \"\n-       \"city\": 504\n-       \"department\": [null]\n-       \"zone\": [null]\n-     }\n-     \"billingInfo\": {\n-       \"billingCycle\": \"F    \"\n-       \"codeBillingCycle\": \"F    \"\n-     }\n-     \"clientCode\": 11189179\n-     \"contract\": 4310384\n+     \"accountId\": \"77657144\"\n+     \"accountName\": \"unknown\"\n+     \"billingAddress\": {}\n+     \"billingInfo\": {}\n+     \"clientCode\": \"13873834\"\n+     \"contract\": \"77657144\"\n     \"contractType\": [null]\n-     \"creationDate\": \"2008-06-14T00:00:00.000-04:00\"\n+     \"creationDate\": \"\"\n     \"csn\": [null]\n-     \"cycle\": \"F    \"\n     \"line\": {\n       \"imei\": [null]\n       \"imsi\": [null]\n-       \"msisdn\": \"75231015                    \"\n+       \"msisdn\": \"\"\n     }\n+     \"msisdn\": \"77657144\"\n     \"partNum\": [null]\n     \"plan\": {\n-       \"dataPlanOnly\": false\n-       \"planCode\": \"774L\"\n-       \"planDescription\": \"BOLSA TIGO BUSINESS LTE FF100           \"\n-       \"planName\": \"BOLSA TIGO BUSINESS LTE FF100           \"\n+       \"dataPlanOnly\": [null]\n+       \"planCode\": [null]\n+       \"planDescription\": [null]\n+       \"planName\": \"FN all day 10\"\n       \"planSource\": [null]\n-       \"planType\": \"HIB\"\n+       \"planType\": \"prepaid\"\n     }\n     \"portability\": [null]\n     \"scoring\": [null]\n-     \"startDate\": \"2008-06-14T00:00:00.000-04:00\"\n-     \"status\": \"AC\"\n+     \"startDate\": \"2015-10-02T21:47:09.000Z\"\n+     \"status\": \"active\"\n     \"telephonyType\": [null]\n   }\n }\n"
      },
      "isRoot": false,
      "uuid": "e487fd5e-ed25-4458-b2e3-98807c2bafa2",
      "parentUUID": "d96b4015-3a86-4e24-99e4-0b28d724df1c",
      "isHook": false,
      "skipped": false
    }
  ],
  "copyrightYear": 2017
}